<?xml version="1.0" encoding="UTF-8"?>
<!-- Generated by org.testng.reporters.JUnitXMLReporter -->
<testsuite ignored="1" hostname="DESKTOP-KMOGL3M" failures="1" tests="14" name="CreatePageTests" time="10.693" errors="0" timestamp="2024-11-29T18:26:45 IST">
  <testcase classname="create.CreatePageTests" name="CertAndLogin" time="10.588">
    <failure type="java.lang.AssertionError" message="expected [Services] but found [IPM+ Cloud | Log In]">
      <![CDATA[java.lang.AssertionError: expected [Services] but found [IPM+ Cloud | Log In]
at Login.LoginPageTests.TestLoginWithValidCredentails(LoginPageTests.java:66)
at create.CreatePageTests.CertAndLogin(CreatePageTests.java:31)
at java.base/java.util.ArrayList.forEach(ArrayList.java:1511)
... Removed 33 stack frames]]>
    </failure>
  </testcase> <!-- CertAndLogin -->
  <testcase classname="create.CreatePageTests" name="ClickOnCreateReource" time="0.0">
    <skipped/>
  </testcase> <!-- ClickOnCreateReource -->
  <testcase classname="create.CreatePageTests" name="TestLocationDropdown" time="0.001">
    <skipped/>
  </testcase> <!-- TestLocationDropdown -->
  <testcase classname="create.CreatePageTests" name="TestProjectNameDropdown" time="0.001">
    <skipped/>
  </testcase> <!-- TestProjectNameDropdown -->
  <testcase classname="create.CreatePageTests" name="TestStoragePathDropdown" time="0.0">
    <skipped/>
  </testcase> <!-- TestStoragePathDropdown -->
  <testcase classname="create.CreatePageTests" name="TestOSDropdown" time="0.0">
    <skipped/>
  </testcase> <!-- TestOSDropdown -->
  <testcase classname="create.CreatePageTests" name="TestIOPSDropdown" time="0.0">
    <skipped/>
  </testcase> <!-- TestIOPSDropdown -->
  <testcase classname="create.CreatePageTests" name="TestHorizontalSwitchOn" time="0.0">
    <skipped/>
  </testcase> <!-- TestHorizontalSwitchOn -->
  <testcase classname="create.CreatePageTests" name="TestHorizontalSwitchOff" time="0.0">
    <skipped/>
  </testcase> <!-- TestHorizontalSwitchOff -->
  <testcase classname="create.CreatePageTests" name="TestVerticalSwitchOn" time="0.0">
    <skipped/>
  </testcase> <!-- TestVerticalSwitchOn -->
  <testcase classname="create.CreatePageTests" name="TestVerticalSwitchOff" time="0.003">
    <skipped/>
  </testcase> <!-- TestVerticalSwitchOff -->
  <testcase classname="create.CreatePageTests" name="TestSavedTemplatesRadioButton" time="0.0">
    <skipped/>
  </testcase> <!-- TestSavedTemplatesRadioButton -->
  <testcase classname="create.CreatePageTests" name="TestCustomRadioButton" time="0.001">
    <skipped/>
  </testcase> <!-- TestCustomRadioButton -->
  <testcase classname="create.CreatePageTests" name="TestLowerThreshold" time="0.0">
    <skipped/>
  </testcase> <!-- TestLowerThreshold -->
  <testcase classname="setUpAndTearDown.SetAndDown" name="TestOpenLoginPage" time="0.0">
    <ignored/>
  </testcase> <!-- TestOpenLoginPage -->
</testsuite> <!-- CreatePageTests -->
