<?xml version="1.0" encoding="UTF-8"?>
<!-- Generated by org.testng.reporters.JUnitXMLReporter -->
<testsuite ignored="12" hostname="DESKTOP-KMOGL3M" failures="0" tests="2" name="CreateResourcePageTests" time="6.581" errors="0" timestamp="2024-11-29T15:06:50 IST">
  <testcase classname="createResource.CreateResourcePageTests" name="CertAndLogin" time="5.153"/>
  <testcase classname="createResource.CreateResourcePageTests" name="TestSearchIconWithPartialResourceNameInTheList" time="0.36"/>
  <testcase classname="createResource.CreateResourcePageTests" name="TestHelpIcon" time="0.0">
    <ignored/>
  </testcase> <!-- TestHelpIcon -->
  <testcase classname="createResource.CreateResourcePageTests" name="TestCreateReource" time="0.0">
    <ignored/>
  </testcase> <!-- TestCreateReource -->
  <testcase classname="createResource.CreateResourcePageTests" name="TestFeedbackOption" time="0.0">
    <ignored/>
  </testcase> <!-- TestFeedbackOption -->
  <testcase classname="createResource.CreateResourcePageTests" name="TestprofileAndSettingsOption" time="0.0">
    <ignored/>
  </testcase> <!-- TestprofileAndSettingsOption -->
  <testcase classname="setUpAndTearDown.SetAndDown" name="TestOpenLoginPage" time="0.0">
    <ignored/>
  </testcase> <!-- TestOpenLoginPage -->
  <testcase classname="createResource.CreateResourcePageTests" name="TestDashboardOption" time="0.0">
    <ignored/>
  </testcase> <!-- TestDashboardOption -->
  <testcase classname="createResource.CreateResourcePageTests" name="TestViewReource" time="0.0">
    <ignored/>
  </testcase> <!-- TestViewReource -->
  <testcase classname="createResource.CreateResourcePageTests" name="TestManageOption" time="0.0">
    <ignored/>
  </testcase> <!-- TestManageOption -->
  <testcase classname="createResource.CreateResourcePageTests" name="TestCollapseButton" time="0.0">
    <ignored/>
  </testcase> <!-- TestCollapseButton -->
  <testcase classname="createResource.CreateResourcePageTests" name="TestSearchIconWithResourceNotInTheList" time="0.0">
    <ignored/>
  </testcase> <!-- TestSearchIconWithResourceNotInTheList -->
  <testcase classname="createResource.CreateResourcePageTests" name="TestSearchBox" time="0.0">
    <ignored/>
  </testcase> <!-- TestSearchBox -->
  <testcase classname="createResource.CreateResourcePageTests" name="TestSearchIconWithResourceInTheList" time="0.0">
    <ignored/>
  </testcase> <!-- TestSearchIconWithResourceInTheList -->
</testsuite> <!-- CreateResourcePageTests -->
