<?xml version="1.0" encoding="UTF-8"?>
<!-- Generated by org.testng.reporters.JUnitXMLReporter -->
<testsuite ignored="16" hostname="DESKTOP-KMOGL3M" failures="1" tests="20" name="CreatePageTests" time="37.412" errors="0" timestamp="2024-12-03T15:50:57 IST">
  <testcase classname="create.CreatePageTests" name="CertAndLogin" time="15.27"/>
  <testcase classname="create.CreatePageTests" name="ClickOnCreateReource" time="3.062"/>
  <testcase classname="create.CreatePageTests" name="TestLocationDropdown" time="0.508"/>
  <testcase classname="create.CreatePageTests" name="TestProjectNameDropdown" time="0.632"/>
  <testcase classname="create.CreatePageTests" name="TestStoragePathDropdown" time="1.936"/>
  <testcase classname="create.CreatePageTests" name="TestOSDropdown" time="1.076"/>
  <testcase classname="create.CreatePageTests" name="TestIOPSDropdown" time="0.444"/>
  <testcase classname="create.CreatePageTests" name="TestHorizontalSwitchOn" time="0.104"/>
  <testcase classname="create.CreatePageTests" name="TestLowerThreshold" time="0.296"/>
  <testcase classname="create.CreatePageTests" name="TestUpperThreshold" time="0.306"/>
  <testcase classname="create.CreatePageTests" name="TestVcpuForHorizontalScaling" time="2.011"/>
  <testcase classname="create.CreatePageTests" name="TestRAMForhorizontalScaling" time="1.229"/>
  <testcase classname="create.CreatePageTests" name="TestDiskForHorizontalScaling" time="3.677"/>
  <testcase classname="create.CreatePageTests" name="TestLoadBalancerOn" time="0.541"/>
  <testcase classname="create.CreatePageTests" name="TestTemplateCheckBoxChecked" time="0.584"/>
  <testcase classname="create.CreatePageTests" name="TestMaxGroupCount" time="1.314"/>
  <testcase classname="create.CreatePageTests" name="TestVMBackupSwitchOff" time="0.62"/>
  <testcase classname="create.CreatePageTests" name="TestVMBackupSwitchOn" time="0.604"/>
  <testcase classname="create.CreatePageTests" name="TestBackUpFrequencyDropdown" time="0.313"/>
  <testcase classname="create.CreatePageTests" name="TestRetentionPeriodDropdown" time="0.233">
    <failure type="java.lang.AssertionError" message="Given Value 6 weeks is not available in the dropdown expected [true] but found [false]">
      <![CDATA[java.lang.AssertionError: Given Value 6 weeks is not available in the dropdown expected [true] but found [false]
at create.CreatePageTests.TestRetentionPeriodDropdown(CreatePageTests.java:610)
at java.base/java.util.ArrayList.forEach(ArrayList.java:1511)
... Removed 30 stack frames]]>
    </failure>
  </testcase> <!-- TestRetentionPeriodDropdown -->
  <testcase classname="create.CreatePageTests" name="TestDiskForVerticalScaling" time="0.0">
    <ignored/>
  </testcase> <!-- TestDiskForVerticalScaling -->
  <testcase classname="create.CreatePageTests" name="TestSavedTemplatesRadioButton" time="0.0">
    <ignored/>
  </testcase> <!-- TestSavedTemplatesRadioButton -->
  <testcase classname="create.CreatePageTests" name="TestmaxRAMOfVerticalScaling" time="0.0">
    <ignored/>
  </testcase> <!-- TestmaxRAMOfVerticalScaling -->
  <testcase classname="create.CreatePageTests" name="TestCustomRadioButton" time="0.0">
    <ignored/>
  </testcase> <!-- TestCustomRadioButton -->
  <testcase classname="create.CreatePageTests" name="TestMinVcpuOfVerticalScaling" time="0.0">
    <ignored/>
  </testcase> <!-- TestMinVcpuOfVerticalScaling -->
  <testcase classname="create.CreatePageTests" name="TestHorizontalSwitchOff" time="0.0">
    <ignored/>
  </testcase> <!-- TestHorizontalSwitchOff -->
  <testcase classname="create.CreatePageTests" name="TestErrorAlertBoxOfVcpu" time="0.0">
    <ignored/>
  </testcase> <!-- TestErrorAlertBoxOfVcpu -->
  <testcase classname="create.CreatePageTests" name="TestSavedTemplatesDropDown" time="0.0">
    <ignored/>
  </testcase> <!-- TestSavedTemplatesDropDown -->
  <testcase classname="create.CreatePageTests" name="TestVerticalSwitchOff" time="0.0">
    <ignored/>
  </testcase> <!-- TestVerticalSwitchOff -->
  <testcase classname="create.CreatePageTests" name="TestLoadBalancerOff" time="0.0">
    <ignored/>
  </testcase> <!-- TestLoadBalancerOff -->
  <testcase classname="create.CreatePageTests" name="TestMinRAMOfVerticalScaling" time="0.0">
    <ignored/>
  </testcase> <!-- TestMinRAMOfVerticalScaling -->
  <testcase classname="create.CreatePageTests" name="TestVerticalSwitchOn" time="0.0">
    <ignored/>
  </testcase> <!-- TestVerticalSwitchOn -->
  <testcase classname="create.CreatePageTests" name="TestTemplateCheckBoxUnChecked" time="0.0">
    <ignored/>
  </testcase> <!-- TestTemplateCheckBoxUnChecked -->
  <testcase classname="create.CreatePageTests" name="TestErrorAlertBoxOfRAM" time="0.0">
    <ignored/>
  </testcase> <!-- TestErrorAlertBoxOfRAM -->
  <testcase classname="setUpAndTearDown.SetAndDown" name="TestOpenLoginPage" time="0.0">
    <ignored/>
  </testcase> <!-- TestOpenLoginPage -->
  <testcase classname="create.CreatePageTests" name="TestmaxVcpuOfVerticalScaling" time="0.0">
    <ignored/>
  </testcase> <!-- TestmaxVcpuOfVerticalScaling -->
</testsuite> <!-- CreatePageTests -->
