<?xml version="1.0" encoding="UTF-8"?>
<!-- Generated by org.testng.reporters.JUnitXMLReporter -->
<testsuite ignored="15" hostname="DESKTOP-KMOGL3M" failures="1" tests="1" name="LoginTestScenario" time="1.402" errors="0" timestamp="2024-11-27T18:54:54 IST">
  <testcase classname="Login.LoginPageTests" name="TestLoginWithValidCredentails" time="0.011">
    <failure type="java.lang.NullPointerException" message="Cannot invoke &amp;quot;Login.LoginPageObjects.UsernameDisplayed()&amp;quot; because &amp;quot;Login.LoginPageTests.LPO&amp;quot; is null">
      <![CDATA[java.lang.NullPointerException: Cannot invoke "Login.LoginPageObjects.UsernameDisplayed()" because "Login.LoginPageTests.LPO" is null
at Login.LoginPageTests.TestLoginWithValidCredentails(LoginPageTests.java:51)
at java.base/java.util.ArrayList.forEach(ArrayList.java:1511)
... Removed 27 stack frames]]>
    </failure>
  </testcase> <!-- TestLoginWithValidCredentails -->
  <testcase classname="Login.LoginPageTests" name="TestEmptyPassword" time="0.0">
    <ignored/>
  </testcase> <!-- TestEmptyPassword -->
  <testcase classname="Login.LoginPageTests" name="TestPasswordResetUsingWrongEmail" time="0.0">
    <ignored/>
  </testcase> <!-- TestPasswordResetUsingWrongEmail -->
  <testcase classname="Login.LoginPageTests" name="TestLoginWithInvalidCredentialsUsingRightCaptcha" time="0.0">
    <ignored/>
  </testcase> <!-- TestLoginWithInvalidCredentialsUsingRightCaptcha -->
  <testcase classname="Login.LoginPageTests" name="TestForgotPasswordLink" time="0.0">
    <ignored/>
  </testcase> <!-- TestForgotPasswordLink -->
  <testcase classname="Login.LoginPageTests" name="TestPasswordResetUsingRightEmail" time="0.0">
    <ignored/>
  </testcase> <!-- TestPasswordResetUsingRightEmail -->
  <testcase classname="Login.LoginPageTests" name="TestLoginWithInValidCredentails" time="0.0">
    <ignored/>
  </testcase> <!-- TestLoginWithInValidCredentails -->
  <testcase classname="Login.LoginPageTests" name="TestLoginWithvalidCredentialsUsingRightCaptcha" time="0.0">
    <ignored/>
  </testcase> <!-- TestLoginWithvalidCredentialsUsingRightCaptcha -->
  <testcase classname="Login.LoginPageTests" name="TestPasswordResetCancelButton" time="0.0">
    <ignored/>
  </testcase> <!-- TestPasswordResetCancelButton -->
  <testcase classname="Login.LoginPageTests" name="TestEmptyUserName" time="0.0">
    <ignored/>
  </testcase> <!-- TestEmptyUserName -->
  <testcase classname="Login.LoginPageTests" name="TestValidPassword" time="0.0">
    <ignored/>
  </testcase> <!-- TestValidPassword -->
  <testcase classname="Login.LoginPageTests" name="TestLoginWithvalidCredentialsUsingWrongCaptcha" time="0.0">
    <ignored/>
  </testcase> <!-- TestLoginWithvalidCredentialsUsingWrongCaptcha -->
  <testcase classname="Login.LoginPageTests" name="TestPasswordResetUsingEmptyEmail" time="0.0">
    <ignored/>
  </testcase> <!-- TestPasswordResetUsingEmptyEmail -->
  <testcase classname="Login.LoginPageTests" name="TestTermsOfServiceCheckBox" time="0.0">
    <ignored/>
  </testcase> <!-- TestTermsOfServiceCheckBox -->
  <testcase classname="setUpAndTearDown.SetAndDown" name="TestOpenLoginPage" time="0.0">
    <ignored/>
  </testcase> <!-- TestOpenLoginPage -->
  <testcase classname="Login.LoginPageTests" name="TestValidUserName" time="0.0">
    <ignored/>
  </testcase> <!-- TestValidUserName -->
</testsuite> <!-- LoginTestScenario -->
