<?xml version="1.0" encoding="UTF-8"?>
<!-- Generated by org.testng.reporters.JUnitXMLReporter -->
<testsuite ignored="5" hostname="DESKTOP-KMOGL3M" failures="0" tests="3" name="Login" time="6.66" errors="0" timestamp="2024-11-20T16:33:00 IST">
  <testcase classname="Login.LoginPageTests" name="TestValidUserName" time="0.28"/>
  <testcase classname="Login.LoginPageTests" name="TestValidPassword" time="0.188"/>
  <testcase classname="Login.LoginPageTests" name="LoginWithValidCredentails" time="6.171"/>
  <testcase classname="Login.LoginPageTests" name="LoginWithInValidCredentails" time="0.0">
    <ignored/>
  </testcase> <!-- LoginWithInValidCredentails -->
  <testcase classname="setUpAndTearDown.SetAndDown" name="TestOpenLoginPage" time="0.0">
    <ignored/>
  </testcase> <!-- TestOpenLoginPage -->
  <testcase classname="Login.LoginPageTests" name="TestEmptyUserName" time="0.0">
    <ignored/>
  </testcase> <!-- TestEmptyUserName -->
  <testcase classname="Login.LoginPageTests" name="TestEmptyPassword" time="0.0">
    <ignored/>
  </testcase> <!-- TestEmptyPassword -->
  <testcase classname="setUpAndTearDown.SetAndDown" name="TestOpenLoginPage" time="0.0">
    <ignored/>
  </testcase> <!-- TestOpenLoginPage -->
</testsuite> <!-- Login -->
