<?xml version="1.0" encoding="UTF-8"?>
<!-- Generated by org.testng.reporters.JUnitXMLReporter -->
<testsuite ignored="6" hostname="DESKTOP-KMOGL3M" failures="0" tests="5" name="NetworkServicesTests" time="48.621" errors="0" timestamp="2025-01-24T15:59:44 IST">
  <testcase classname="utility.NetworkServicesPageTests" name="CertAndLogin" time="3.17"/>
  <testcase classname="utility.NetworkServicesPageTests" name="GetVMNamesIpAndStatusFromResourcePage" time="14.28"/>
  <testcase classname="utility.NetworkServicesPageTests" name="TestUtilityOption" time="0.217"/>
  <testcase classname="utility.NetworkServicesPageTests" name="TestNetworkServicesOption" time="1.52"/>
  <testcase classname="utility.NetworkServicesPageTests" name="TestPublicIpAddRequest" time="27.818"/>
  <testcase classname="setUpAndTearDown.SetAndDown" name="TestOpenLoginPage" time="0.0">
    <ignored/>
  </testcase> <!-- TestOpenLoginPage -->
  <testcase classname="utility.NetworkServicesPageTests" name="TestClosePortAddRequest" time="0.0">
    <ignored/>
  </testcase> <!-- TestClosePortAddRequest -->
  <testcase classname="utility.NetworkServicesPageTests" name="TestVlanCommunicationAddRequest" time="0.0">
    <ignored/>
  </testcase> <!-- TestVlanCommunicationAddRequest -->
  <testcase classname="utility.NetworkServicesPageTests" name="TestBandwidthAddRequest" time="0.0">
    <ignored/>
  </testcase> <!-- TestBandwidthAddRequest -->
  <testcase classname="utility.NetworkServicesPageTests" name="TestNetworkServicesOptions" time="0.0">
    <ignored/>
  </testcase> <!-- TestNetworkServicesOptions -->
  <testcase classname="utility.NetworkServicesPageTests" name="TestOpenPortAddRequest" time="0.0">
    <ignored/>
  </testcase> <!-- TestOpenPortAddRequest -->
</testsuite> <!-- NetworkServicesTests -->
