<?xml version="1.0" encoding="UTF-8"?>
<!-- Generated by org.testng.reporters.JUnitXMLReporter -->
<testsuite ignored="1" hostname="DESKTOP-KMOGL3M" failures="0" tests="7" name="StoragePageTests" time="41.769" errors="0" timestamp="2025-01-15T18:33:14 IST">
  <testcase classname="storage.StoragePageTests" name="CertAndLogin" time="22.037"/>
  <testcase classname="storage.StoragePageTests" name="TestResourceManagementOption" time="0.291"/>
  <testcase classname="storage.StoragePageTests" name="TestStorageOtion" time="9.567"/>
  <testcase classname="storage.StoragePageTests" name="TestAddNewStorageButton" time="1.481"/>
  <testcase classname="storage.StoragePageTests" name="TestZoneDropdown" time="0.374"/>
  <testcase classname="storage.StoragePageTests" name="TestLinuxOrWindowsRadioButton" time="1.063"/>
  <testcase classname="storage.StoragePageTests" name="TestTypeDropdown" time="5.291"/>
  <testcase classname="setUpAndTearDown.SetAndDown" name="TestOpenLoginPage" time="0.0">
    <ignored/>
  </testcase> <!-- TestOpenLoginPage -->
</testsuite> <!-- StoragePageTests -->
