<?xml version="1.0" encoding="UTF-8"?>
<!-- Generated by org.testng.reporters.JUnitXMLReporter -->
<testsuite ignored="14" hostname="DESKTOP-KMOGL3M" failures="0" tests="4" name="StoragePageTests" time="24.963" errors="0" timestamp="2025-01-21T11:39:12 IST">
  <testcase classname="storage.StoragePageTests" name="CertAndLogin" time="9.321"/>
  <testcase classname="storage.StoragePageTests" name="TestResourceManagementOption" time="0.316"/>
  <testcase classname="storage.StoragePageTests" name="TestStorageOtion" time="2.151"/>
  <testcase classname="storage.StoragePageTests" name="TestStorageViewOption" time="11.361"/>
  <testcase classname="storage.StoragePageTests" name="TestStoragePathTextBoxWithEmptyInput" time="0.0">
    <ignored/>
  </testcase> <!-- TestStoragePathTextBoxWithEmptyInput -->
  <testcase classname="storage.StoragePageTests" name="TestLinuxOrWindowsRadioButton" time="0.0">
    <ignored/>
  </testcase> <!-- TestLinuxOrWindowsRadioButton -->
  <testcase classname="storage.StoragePageTests" name="TestStoragePathTextBoxWithMoreThanThan30Characters" time="0.0">
    <ignored/>
  </testcase> <!-- TestStoragePathTextBoxWithMoreThanThan30Characters -->
  <testcase classname="storage.StoragePageTests" name="TestCancelButton" time="0.0">
    <ignored/>
  </testcase> <!-- TestCancelButton -->
  <testcase classname="setUpAndTearDown.SetAndDown" name="TestOpenLoginPage" time="0.0">
    <ignored/>
  </testcase> <!-- TestOpenLoginPage -->
  <testcase classname="storage.StoragePageTests" name="TestTypeDropdown" time="0.0">
    <ignored/>
  </testcase> <!-- TestTypeDropdown -->
  <testcase classname="storage.StoragePageTests" name="TestZoneDropdown" time="0.0">
    <ignored/>
  </testcase> <!-- TestZoneDropdown -->
  <testcase classname="storage.StoragePageTests" name="TestAddNewStorageButton" time="0.0">
    <ignored/>
  </testcase> <!-- TestAddNewStorageButton -->
  <testcase classname="storage.StoragePageTests" name="TestTotalSize" time="0.0">
    <ignored/>
  </testcase> <!-- TestTotalSize -->
  <testcase classname="storage.StoragePageTests" name="TestStoragePathTextBoxWithExistingName" time="0.0">
    <ignored/>
  </testcase> <!-- TestStoragePathTextBoxWithExistingName -->
  <testcase classname="storage.StoragePageTests" name="TestStorageStatusAfterAdding" time="0.0">
    <ignored/>
  </testcase> <!-- TestStorageStatusAfterAdding -->
  <testcase classname="storage.StoragePageTests" name="TestStoragePathTextBoxWithlessThan5Characters" time="0.0">
    <ignored/>
  </testcase> <!-- TestStoragePathTextBoxWithlessThan5Characters -->
  <testcase classname="storage.StoragePageTests" name="TestStoragePathTextBoxWithValidInputs" time="0.0">
    <ignored/>
  </testcase> <!-- TestStoragePathTextBoxWithValidInputs -->
  <testcase classname="storage.StoragePageTests" name="TestAddButton" time="0.0">
    <ignored/>
  </testcase> <!-- TestAddButton -->
</testsuite> <!-- StoragePageTests -->
