<?xml version="1.0" encoding="UTF-8"?>
<!-- Generated by org.testng.reporters.JUnitXMLReporter -->
<testsuite ignored="4" hostname="DESKTOP-KMOGL3M" failures="1" tests="1" name="Test" time="0.093" errors="0" timestamp="2024-11-20T12:53:01 IST">
  <testcase classname="Login.LoginPageTests" name="TestInvalidUserName" time="0.01">
    <failure type="java.lang.NullPointerException" message="Cannot invoke &amp;quot;Login.LoginPageObjects.UsernameDisplayed()&amp;quot; because &amp;quot;this.LPO&amp;quot; is null">
      <![CDATA[java.lang.NullPointerException: Cannot invoke "Login.LoginPageObjects.UsernameDisplayed()" because "this.LPO" is null
at Login.LoginPageTests.TestInvalidUserName(LoginPageTests.java:38)
at java.base/java.util.ArrayList.forEach(ArrayList.java:1511)
... Removed 27 stack frames]]>
    </failure>
  </testcase> <!-- TestInvalidUserName -->
  <testcase classname="Login.LoginPageTests" name="TestValidUserName" time="0.0">
    <ignored/>
  </testcase> <!-- TestValidUserName -->
  <testcase classname="setUpAndTearDown.SetAndDown" name="DriverIntilization" time="0.0">
    <ignored/>
  </testcase> <!-- DriverIntilization -->
  <testcase classname="Login.LoginPageTests" name="TestOpenLoginPage" time="0.0">
    <ignored/>
  </testcase> <!-- TestOpenLoginPage -->
  <testcase classname="setUpAndTearDown.SetAndDown" name="DriverIntilization" time="0.0">
    <ignored/>
  </testcase> <!-- DriverIntilization -->
</testsuite> <!-- Test -->
