<?xml version="1.0" encoding="UTF-8"?>
<!-- Generated by org.testng.reporters.JUnitXMLReporter -->
<testsuite ignored="0" hostname="DESKTOP-KMOGL3M" failures="1" tests="15" name="TestLoginAllTestCases" time="163.969" errors="0" timestamp="2024-11-29T15:09:53 IST">
  <testcase classname="allLoginTests.ExecuteAllLoginTestAtOnce" name="TestValidUserName" time="11.979"/>
  <testcase classname="allLoginTests.ExecuteAllLoginTestAtOnce" name="TestEmptyUserName" time="9.944"/>
  <testcase classname="allLoginTests.ExecuteAllLoginTestAtOnce" name="TestValidPassword" time="9.572"/>
  <testcase classname="allLoginTests.ExecuteAllLoginTestAtOnce" name="TestEmptyPassword" time="9.507"/>
  <testcase classname="allLoginTests.ExecuteAllLoginTestAtOnce" name="TestLoginWithInValidCredentails" time="10.004"/>
  <testcase classname="allLoginTests.ExecuteAllLoginTestAtOnce" name="TestLoginWithValidCredentails" time="12.779"/>
  <testcase classname="allLoginTests.ExecuteAllLoginTestAtOnce" name="TestLoginWithInvalidCredentialsUsingRightCaptcha" time="10.934"/>
  <testcase classname="allLoginTests.ExecuteAllLoginTestAtOnce" name="TestLoginWithvalidCredentialsUsingRightCaptcha" time="11.501">
    <failure type="java.lang.AssertionError" message="expected [Services] but found [IPM+ Cloud]">
      <![CDATA[java.lang.AssertionError: expected [Services] but found [IPM+ Cloud]
at Login.LoginPageTests.TestLoginWithvalidCredentialsUsingRightCaptcha(LoginPageTests.java:122)
at allLoginTests.ExecuteAllLoginTestAtOnce.TestLoginWithvalidCredentialsUsingRightCaptcha(ExecuteAllLoginTestAtOnce.java:79)
at java.base/java.util.ArrayList.forEach(ArrayList.java:1511)
... Removed 33 stack frames]]>
    </failure>
  </testcase> <!-- TestLoginWithvalidCredentialsUsingRightCaptcha -->
  <testcase classname="allLoginTests.ExecuteAllLoginTestAtOnce" name="TestLoginWithvalidCredentialsUsingWrongCaptcha" time="11.823"/>
  <testcase classname="allLoginTests.ExecuteAllLoginTestAtOnce" name="TestTermsOfServiceCheckBox" time="8.696"/>
  <testcase classname="allLoginTests.ExecuteAllLoginTestAtOnce" name="TestForgotPasswordLink" time="9.68"/>
  <testcase classname="allLoginTests.ExecuteAllLoginTestAtOnce" name="TestPasswordResetUsingEmptyEmail" time="11.58"/>
  <testcase classname="allLoginTests.ExecuteAllLoginTestAtOnce" name="TestPasswordResetUsingWrongEmail" time="9.997"/>
  <testcase classname="allLoginTests.ExecuteAllLoginTestAtOnce" name="TestPasswordResetUsingRightEmail" time="14.362"/>
  <testcase classname="allLoginTests.ExecuteAllLoginTestAtOnce" name="TestPasswordResetCancelButton" time="10.144"/>
</testsuite> <!-- TestLoginAllTestCases -->
