<?xml version="1.0" encoding="UTF-8"?>
<!-- Generated by org.testng.reporters.JUnitXMLReporter -->
<testsuite ignored="9" hostname="DESKTOP-KMOGL3M" failures="0" tests="1" name="ValidLogin" time="5.65" errors="0" timestamp="2024-11-26T14:55:40 IST">
  <testcase classname="Login.LoginPageTests" name="LoginWithValidCredentails" time="4.593"/>
  <testcase classname="Login.LoginPageTests" name="TestValidUserName" time="0.0">
    <ignored/>
  </testcase> <!-- TestValidUserName -->
  <testcase classname="Login.LoginPageTests" name="LoginWithvalidCredentialsUsingWrongCaptcha" time="0.0">
    <ignored/>
  </testcase> <!-- LoginWithvalidCredentialsUsingWrongCaptcha -->
  <testcase classname="Login.LoginPageTests" name="LoginWithInValidCredentails" time="0.0">
    <ignored/>
  </testcase> <!-- LoginWithInValidCredentails -->
  <testcase classname="Login.LoginPageTests" name="LoginWithvalidCredentialsUsingRightCaptcha" time="0.0">
    <ignored/>
  </testcase> <!-- LoginWithvalidCredentialsUsingRightCaptcha -->
  <testcase classname="Login.LoginPageTests" name="LoginWithInvalidCredentialsUsingRightCaptcha" time="0.0">
    <ignored/>
  </testcase> <!-- LoginWithInvalidCredentialsUsingRightCaptcha -->
  <testcase classname="Login.LoginPageTests" name="TestEmptyUserName" time="0.0">
    <ignored/>
  </testcase> <!-- TestEmptyUserName -->
  <testcase classname="Login.LoginPageTests" name="TestValidPassword" time="0.0">
    <ignored/>
  </testcase> <!-- TestValidPassword -->
  <testcase classname="Login.LoginPageTests" name="TestEmptyPassword" time="0.0">
    <ignored/>
  </testcase> <!-- TestEmptyPassword -->
  <testcase classname="setUpAndTearDown.SetAndDown" name="TestOpenLoginPage" time="0.0">
    <ignored/>
  </testcase> <!-- TestOpenLoginPage -->
</testsuite> <!-- ValidLogin -->
