<?xml version="1.0" encoding="UTF-8"?>
<!-- Generated by org.testng.reporters.JUnitXMLReporter -->
<testsuite ignored="2" hostname="DESKTOP-KMOGL3M" failures="1" tests="1" name="Test" time="0.086" errors="0" timestamp="2024-11-20T12:21:17 IST">
  <testcase classname="Login.LoginPageTests" name="TestValidUserName" time="0.01">
    <failure type="java.lang.NullPointerException" message="Cannot invoke &amp;quot;Login.LoginPageObjects.UsernameDisplayed()&amp;quot; because &amp;quot;this.LPO&amp;quot; is null">
      <![CDATA[java.lang.NullPointerException: Cannot invoke "Login.LoginPageObjects.UsernameDisplayed()" because "this.LPO" is null
at Login.LoginPageTests.TestValidUserName(LoginPageTests.java:40)
at java.base/java.util.ArrayList.forEach(ArrayList.java:1511)
... Removed 31 stack frames]]>
    </failure>
  </testcase> <!-- TestValidUserName -->
  <testcase classname="Login.LoginPageTests" name="OpenLoginPage" time="0.0">
    <ignored/>
  </testcase> <!-- OpenLoginPage -->
  <testcase classname="Login.LoginPageTests" name="TestInvalidUserName" time="0.0">
    <ignored/>
  </testcase> <!-- TestInvalidUserName -->
</testsuite> <!-- Test -->
