<?xml version="1.0" encoding="UTF-8"?>
<testng-results ignored="0" total="2" passed="2" failed="0" skipped="0">
  <reporter-output>
  </reporter-output>
  <suite started-at="2024-11-25T18:12:45 IST" name="Suite" finished-at="2024-11-25T18:12:51 IST" duration-ms="5595">
    <groups>
      <group name="Invalid">
        <method signature="LoginPageTests.LoginWithInValidCredentails()[pri:3, instance:Login.LoginPageTests@6069db50]" name="LoginWithInValidCredentails" class="Login.LoginPageTests"/>
      </group> <!-- Invalid -->
    </groups>
    <test started-at="2024-11-25T18:12:45 IST" name="TestUrlForValidLogin" finished-at="2024-11-25T18:12:49 IST" duration-ms="3892">
      <class name="setUpAndTearDown.SetAndDown">
        <test-method signature="TestOpenLoginPage()[pri:1, instance:setUpAndTearDown.SetAndDown@71809907]" started-at="2024-11-25T18:12:45 IST" name="TestOpenLoginPage" finished-at="2024-11-25T18:12:49 IST" duration-ms="3843" status="PASS">
          <reporter-output>
          </reporter-output>
        </test-method> <!-- TestOpenLoginPage -->
      </class> <!-- setUpAndTearDown.SetAndDown -->
    </test> <!-- TestUrlForValidLogin -->
    <test started-at="2024-11-25T18:12:49 IST" name="ValidLogin" finished-at="2024-11-25T18:12:51 IST" duration-ms="1658">
      <class name="setUpAndTearDown.SetAndDown">
        <test-method is-config="true" signature="DriverIntilization()[pri:0, instance:setUpAndTearDown.SetAndDown@71809907]" started-at="2024-11-25T18:12:42 IST" name="DriverIntilization" finished-at="2024-11-25T18:12:45 IST" duration-ms="2688" status="PASS">
          <reporter-output>
          </reporter-output>
        </test-method> <!-- DriverIntilization -->
      </class> <!-- setUpAndTearDown.SetAndDown -->
      <class name="Login.LoginPageTests">
        <test-method signature="LoginWithInValidCredentails()[pri:3, instance:Login.LoginPageTests@6069db50]" started-at="2024-11-25T18:12:49 IST" name="LoginWithInValidCredentails" finished-at="2024-11-25T18:12:51 IST" duration-ms="1655" status="PASS">
          <reporter-output>
          </reporter-output>
        </test-method> <!-- LoginWithInValidCredentails -->
      </class> <!-- Login.LoginPageTests -->
    </test> <!-- ValidLogin -->
  </suite> <!-- Suite -->
</testng-results>
