<?xml version="1.0" encoding="UTF-8"?>
<testng-results ignored="0" total="2" passed="2" failed="0" skipped="0">
  <reporter-output>
  </reporter-output>
  <suite started-at="2024-11-26T14:55:32 IST" name="Suite" finished-at="2024-11-26T14:55:40 IST" duration-ms="8310">
    <groups>
      <group name="LoginWithValidCredentails">
        <method signature="LoginPageTests.LoginWithValidCredentails(java.lang.String,java.lang.String)[pri:3, instance:Login.LoginPageTests@1ff4931d]" name="LoginWithValidCredentails" class="Login.LoginPageTests"/>
      </group> <!-- LoginWithValidCredentails -->
    </groups>
    <test started-at="2024-11-26T14:55:32 IST" name="TestUrlForValidLogin" finished-at="2024-11-26T14:55:34 IST" duration-ms="2565">
      <class name="setUpAndTearDown.SetAndDown">
        <test-method signature="TestOpenLoginPage()[pri:1, instance:setUpAndTearDown.SetAndDown@5b7a5baa]" started-at="2024-11-26T14:55:32 IST" name="TestOpenLoginPage" finished-at="2024-11-26T14:55:34 IST" duration-ms="2496" status="PASS">
          <reporter-output>
          </reporter-output>
        </test-method> <!-- TestOpenLoginPage -->
      </class> <!-- setUpAndTearDown.SetAndDown -->
    </test> <!-- TestUrlForValidLogin -->
    <test started-at="2024-11-26T14:55:34 IST" name="ValidLogin" finished-at="2024-11-26T14:55:40 IST" duration-ms="5650">
      <class name="setUpAndTearDown.SetAndDown">
        <test-method is-config="true" signature="DriverIntilization()[pri:0, instance:setUpAndTearDown.SetAndDown@5b7a5baa]" started-at="2024-11-26T14:55:28 IST" name="DriverIntilization" finished-at="2024-11-26T14:55:32 IST" duration-ms="3188" status="PASS">
          <reporter-output>
          </reporter-output>
        </test-method> <!-- DriverIntilization -->
      </class> <!-- setUpAndTearDown.SetAndDown -->
      <class name="Login.LoginPageTests">
        <test-method signature="LoginWithValidCredentails(java.lang.String,java.lang.String)[pri:3, instance:Login.LoginPageTests@1ff4931d]" started-at="2024-11-26T14:55:35 IST" name="LoginWithValidCredentails" data-provider="dataProvider" finished-at="2024-11-26T14:55:40 IST" duration-ms="4593" status="PASS">
          <params>
            <param index="0">
              <value>
                <![CDATA[test1@vipl.com]]>
              </value>
            </param>
            <param index="1">
              <value>
                <![CDATA[ipmcloud@200#]]>
              </value>
            </param>
          </params>
          <reporter-output>
          </reporter-output>
        </test-method> <!-- LoginWithValidCredentails -->
      </class> <!-- Login.LoginPageTests -->
    </test> <!-- ValidLogin -->
  </suite> <!-- Suite -->
</testng-results>
